[INFO] origen_destino_dian.main | ╔══════════════════════════════════════════╗
[INFO] origen_destino_dian.main |   INICIO PIPELINE — modo: POST_AUTO | IMPORTACIONES
[INFO] origen_destino_dian.main |   Base: C:\Proyectos Comodin\Origen_Destino DIAN
[INFO] origen_destino_dian.main | ╚══════════════════════════════════════════╝
[INFO] origen_destino_dian.main | ── PASO 2: Post validación [IMP] ──
[INFO] origen_destino_dian.main | ╔══════════════════════════════════════════╗
[INFO] origen_destino_dian.main |   INICIO PIPELINE — modo: POST_AUTO | GASTOS
[INFO] origen_destino_dian.main |   Base: C:\Proyectos Comodin\Origen_Destino DIAN
[INFO] origen_destino_dian.main | ╚══════════════════════════════════════════╝
[INFO] origen_destino_dian.main | ── PASO 2: Post validación [GTO] ──
[INFO] origen_destino_dian.scripts.post_validacion_swift | === INICIO POST VALIDACIÓN [GTO] ===
[INFO] origen_destino_dian.scripts.post_validacion_swift | PASO 1: Swift_manuales_gto no existe — se omite traslado.
[INFO] origen_destino_dian.scripts.post_validacion_swift | PASO 2: Acumulado GTO creado con 136 registros.
[INFO] origen_destino_dian.scripts.post_validacion_swift | Plantilla: 4 filas duplicadas eliminadas.
[INFO] origen_destino_dian.scripts.post_validacion_swift | PASO 3 OK → Plantilla actualizada: Datos_Origen_Destino_V1_gto.xlsx (132 registros desde fila 3)
[INFO] origen_destino_dian.scripts.post_validacion_swift | Plantilla creada desde cero: Datos_Origen_Destino_V2_gto.xlsx
[INFO] origen_destino_dian.scripts.post_validacion_swift | PASO 3: Plantilla limpia (sin registros): Datos_Origen_Destino_V2_gto.xlsx
[INFO] origen_destino_dian.scripts.post_validacion_swift | === FIN POST VALIDACIÓN [GTO] ===  Movidos=0
[INFO] origen_destino_dian.main | ── PASO 2 completado [GTO] ── movidos=0
[INFO] origen_destino_dian.main | ╔══════════════════════════════════════════╗
[INFO] origen_destino_dian.main |   INICIO PIPELINE — modo: POST_AUTO | IMPORTACIONES
[INFO] origen_destino_dian.main |   Base: C:\Proyectos Comodin\Origen_Destino DIAN
[INFO] origen_destino_dian.main | ╚══════════════════════════════════════════╝
[INFO] origen_destino_dian.main | ── PASO 2: Post validación [IMP] ──
[INFO] origen_destino_dian.main | ╔══════════════════════════════════════════╗
[INFO] origen_destino_dian.main |   INICIO PIPELINE — modo: POST_AUTO | EXPORTACIONES
[INFO] origen_destino_dian.main |   Base: C:\Proyectos Comodin\Origen_Destino DIAN
[INFO] origen_destino_dian.main | ╚══════════════════════════════════════════╝
[INFO] origen_destino_dian.main | ── PASO 2: Post validación [EXP] ──
[INFO] origen_destino_dian.scripts.post_validacion_swift | === INICIO POST VALIDACIÓN [EXP] ===
[INFO] origen_destino_dian.scripts.post_validacion_swift | PASO 1: Todos los registros completos ya existían en Swift_completos.
[INFO] origen_destino_dian.scripts.post_validacion_swift | PASO 2: Acumulado EXP creado con 128 registros.
[INFO] origen_destino_dian.scripts.post_validacion_swift | Plantilla autogenerada desde base IMP: Datos_Origen_Destino_V1_exp.xlsx
[INFO] origen_destino_dian.scripts.post_validacion_swift | PASO 3 OK → Plantilla actualizada: Datos_Origen_Destino_V1_exp.xlsx (108 registros desde fila 3)
[INFO] origen_destino_dian.scripts.post_validacion_swift | Plantilla creada desde cero: Datos_Origen_Destino_V2_exp.xlsx
[INFO] origen_destino_dian.scripts.post_validacion_swift | PASO 3 OK → Plantilla actualizada: Datos_Origen_Destino_V2_exp.xlsx (20 registros desde fila 3)
[INFO] origen_destino_dian.scripts.post_validacion_swift | === FIN POST VALIDACIÓN [EXP] ===  Movidos=0
[ERROR] origen_destino_dian.main | Error en post validación: name 'movidos' is not defined
Traceback (most recent call last):
  File "c:\Proyectos Comodin\Origen_Destino DIAN\main.py", line 201, in _run_post_manual
    LOGGER.info(f"── PASO 2 completado: {movidos} movidos [{tipo.upper()}] ──")
                                         ^^^^^^^
NameError: name 'movidos' is not defined
[INFO] origen_destino_dian.main | ╔══════════════════════════════════════════╗
[INFO] origen_destino_dian.main |   INICIO PIPELINE — modo: POST_AUTO | IMPORTACIONES
[INFO] origen_destino_dian.main |   Base: C:\Proyectos Comodin\Origen_Destino DIAN
[INFO] origen_destino_dian.main | ╚══════════════════════════════════════════╝
[INFO] origen_destino_dian.main | ── PASO 2: Post validación [IMP] ──
[INFO] origen_destino_dian.main | ╔══════════════════════════════════════════╗
[INFO] origen_destino_dian.main |   INICIO PIPELINE — modo: POST_AUTO | EXPORTACIONES
[INFO] origen_destino_dian.main |   Base: C:\Proyectos Comodin\Origen_Destino DIAN
[INFO] origen_destino_dian.main | ╚══════════════════════════════════════════╝
[INFO] origen_destino_dian.main | ── PASO 2: Post validación [EXP] ──
[INFO] origen_destino_dian.scripts.post_validacion_swift | === INICIO POST VALIDACIÓN [EXP] ===
[INFO] origen_destino_dian.scripts.post_validacion_swift | PASO 1: Todos los registros completos ya existían en Swift_completos.
[INFO] origen_destino_dian.scripts.post_validacion_swift | PASO 2: Sin registros nuevos para acumulado (todos ya existen).
[INFO] origen_destino_dian.scripts.post_validacion_swift | PASO 3 OK → Plantilla actualizada: Datos_Origen_Destino_V1_exp.xlsx (108 registros desde fila 3)
[INFO] origen_destino_dian.scripts.post_validacion_swift | PASO 3 OK → Plantilla actualizada: Datos_Origen_Destino_V2_exp.xlsx (20 registros desde fila 3)
[INFO] origen_destino_dian.scripts.post_validacion_swift | === FIN POST VALIDACIÓN [EXP] ===  Movidos=0
[INFO] origen_destino_dian.main | ╔══════════════════════════════════════════╗
[INFO] origen_destino_dian.main |   INICIO PIPELINE — modo: POST_AUTO | IMPORTACIONES
[INFO] origen_destino_dian.main |   Base: C:\Proyectos Comodin\Origen_Destino DIAN
[INFO] origen_destino_dian.main | ╚══════════════════════════════════════════╝
[INFO] origen_destino_dian.main | ── PASO 2: Post validación [IMP] ──
[INFO] origen_destino_dian.main | ╔══════════════════════════════════════════╗
[INFO] origen_destino_dian.main |   INICIO PIPELINE — modo: POST_AUTO | IMPORTACIONES
[INFO] origen_destino_dian.main |   Base: C:\Proyectos Comodin\Origen_Destino DIAN
[INFO] origen_destino_dian.main | ╚══════════════════════════════════════════╝
[INFO] origen_destino_dian.main | ── PASO 2: Post validación [IMP] ──
[INFO] origen_destino_dian.main | ╔══════════════════════════════════════════╗
[INFO] origen_destino_dian.main |   INICIO PIPELINE — modo: POST_AUTO | IMPORTACIONES
[INFO] origen_destino_dian.main |   Base: C:\Proyectos Comodin\Origen_Destino DIAN
[INFO] origen_destino_dian.main | ╚══════════════════════════════════════════╝
[INFO] origen_destino_dian.main | ── PASO 2: Post validación [IMP] ──
[INFO] origen_destino_dian.main | ╔══════════════════════════════════════════╗
[INFO] origen_destino_dian.main |   INICIO PIPELINE — modo: POST_AUTO | EXPORTACIONES
[INFO] origen_destino_dian.main |   Base: C:\Proyectos Comodin\Origen_Destino DIAN
[INFO] origen_destino_dian.main | ╚══════════════════════════════════════════╝
[INFO] origen_destino_dian.main | ── PASO 2: Post validación [EXP] ──
[INFO] origen_destino_dian.scripts.post_validacion_swift | === INICIO POST VALIDACIÓN [EXP] ===
[INFO] origen_destino_dian.scripts.post_validacion_swift | PASO 1: Todos los registros completos ya existían en Swift_completos.
[INFO] origen_destino_dian.scripts.post_validacion_swift | PASO 2: Acumulado EXP creado con 128 registros.
[INFO] origen_destino_dian.scripts.post_validacion_swift | Plantilla creada desde cero: Datos_Origen_Destino_exp.xlsx
[INFO] origen_destino_dian.scripts.post_validacion_swift | PASO 3 OK → Plantilla actualizada: Datos_Origen_Destino_exp.xlsx (128 registros desde fila 3)
[INFO] origen_destino_dian.scripts.post_validacion_swift | === FIN POST VALIDACIÓN [EXP] ===  Movidos=0
[INFO] origen_destino_dian.main | ╔══════════════════════════════════════════╗
[INFO] origen_destino_dian.main |   INICIO PIPELINE — modo: POST_AUTO | GASTOS
[INFO] origen_destino_dian.main |   Base: C:\Proyectos Comodin\Origen_Destino DIAN
[INFO] origen_destino_dian.main | ╚══════════════════════════════════════════╝
[INFO] origen_destino_dian.main | ── PASO 2: Post validación [GTO] ──
[INFO] origen_destino_dian.scripts.post_validacion_swift | === INICIO POST VALIDACIÓN [GTO] ===
[INFO] origen_destino_dian.scripts.post_validacion_swift | PASO 1: Swift_manuales_gto no existe — se omite traslado.
[INFO] origen_destino_dian.scripts.post_validacion_swift | PASO 2: Acumulado GTO creado con 136 registros.
[INFO] origen_destino_dian.scripts.post_validacion_swift | Plantilla creada desde cero: Datos_Origen_Destino_gto.xlsx
[INFO] origen_destino_dian.scripts.post_validacion_swift | Plantilla: 4 filas duplicadas eliminadas.
[INFO] origen_destino_dian.scripts.post_validacion_swift | PASO 3 OK → Plantilla actualizada: Datos_Origen_Destino_gto.xlsx (132 registros desde fila 3)
[INFO] origen_destino_dian.scripts.post_validacion_swift | === FIN POST VALIDACIÓN [GTO] ===  Movidos=0
[INFO] origen_destino_dian.main | ── PASO 2 completado [GTO] ── movidos=0
[INFO] origen_destino_dian.main | ╔══════════════════════════════════════════╗
[INFO] origen_destino_dian.main |   INICIO PIPELINE — modo: POST_AUTO | GASTOS
[INFO] origen_destino_dian.main |   Base: C:\Proyectos Comodin\Origen_Destino DIAN
[INFO] origen_destino_dian.main | ╚══════════════════════════════════════════╝
[INFO] origen_destino_dian.main | ── PASO 2: Post validación [GTO] ──
[INFO] origen_destino_dian.scripts.post_validacion_swift | === INICIO POST VALIDACIÓN [GTO] ===
[INFO] origen_destino_dian.scripts.post_validacion_swift | PASO 1: Swift_manuales_gto no existe — se omite traslado.
[INFO] origen_destino_dian.scripts.post_validacion_swift | PASO 2: Sin registros nuevos para acumulado (todos ya existen).
[INFO] origen_destino_dian.scripts.post_validacion_swift | Plantilla: 4 filas duplicadas eliminadas.
[INFO] origen_destino_dian.scripts.post_validacion_swift | PASO 3 OK → Plantilla actualizada: Datos_Origen_Destino_gto.xlsx (132 registros desde fila 3)
[INFO] origen_destino_dian.scripts.post_validacion_swift | === FIN POST VALIDACIÓN [GTO] ===  Movidos=0
[INFO] origen_destino_dian.main | ── PASO 2 completado [GTO] ── movidos=0
[INFO] origen_destino_dian.main | ╔══════════════════════════════════════════╗
[INFO] origen_destino_dian.main |   INICIO PIPELINE — modo: POST_AUTO | EXPORTACIONES
[INFO] origen_destino_dian.main |   Base: C:\Proyectos Comodin\Origen_Destino DIAN
[INFO] origen_destino_dian.main | ╚══════════════════════════════════════════╝
[INFO] origen_destino_dian.main | ── PASO 2: Post validación [EXP] ──
[INFO] origen_destino_dian.scripts.post_validacion_swift | === INICIO POST VALIDACIÓN [EXP] ===
[INFO] origen_destino_dian.scripts.post_validacion_swift | PASO 1: Todos los registros completos ya existían en Swift_completos.
[INFO] origen_destino_dian.scripts.post_validacion_swift | PASO 2: Sin registros nuevos para acumulado (todos ya existen).
[INFO] origen_destino_dian.scripts.post_validacion_swift | PASO 3 OK → Plantilla actualizada: Datos_Origen_Destino_exp.xlsx (128 registros desde fila 3)
[INFO] origen_destino_dian.scripts.post_validacion_swift | === FIN POST VALIDACIÓN [EXP] ===  Movidos=0
[INFO] origen_destino_dian.main | ╔══════════════════════════════════════════╗
[INFO] origen_destino_dian.main |   INICIO PIPELINE — modo: CRUCES | IMPORTACIONES
[INFO] origen_destino_dian.main |   Base: C:\Proyectos Comodin\Origen_Destino DIAN
[INFO] origen_destino_dian.main | ╚══════════════════════════════════════════╝
[INFO] origen_destino_dian.main | ── PASO 3: Cruces [IMP] ──
[INFO] origen_destino_dian.scripts.run_formulario | === INICIO CRUCE FORMULARIOS + LLAVE [IMP] ===
[INFO] origen_destino_dian.scripts.run_formulario | XLSB leído → filas=14988 | cols=['FORMULARIO', 'FECHA', 'EMPRESA', 'INDICA', 'DETALLE', 'DEBITO']
[INFO] origen_destino_dian.scripts.run_formulario | Filtro COM: inicio=14988 → resultado=1248 (FECHA>=2025-04-01, INDICA=IMP)
[INFO] origen_destino_dian.scripts.run_formulario | Paso 3: Cruce Formulario (COM → Swift) [IMP]...
[INFO] origen_destino_dian.scripts.run_formulario | Swift actualizado Formulario: updated=456 | multi_matched=267 | multi_ok=262 | multi_fail=5
[INFO] origen_destino_dian.scripts.run_formulario | Swift actualizado Formulario: updated=11 | multi_matched=5 | multi_ok=5 | multi_fail=0
[INFO] origen_destino_dian.scripts.run_formulario | Paso 4: Cruce Llave (origenDestino → Swift) [IMP]...
[INFO] origen_destino_dian.scripts.run_formulario | OrigenDestino mapping cargado: 326 llaves únicas.
[INFO] origen_destino_dian.scripts.run_formulario | Cruce Llave aplicado: filled=0 | empty_before=22 | empty_after=22
[WARNING] origen_destino_dian.scripts.run_formulario | Sin llave (13 'Nombre personalizado' únicos sin match):
  'textilfio malhas ltda pnbpus3nnyc'
  'textilfio malhas ltda chasus33xxx'
  'hong kong tek global limited pnbpus3nnyc'
  'hong kong tek global limited bofaus3mxxx'
  'parfums jacques bogart sas bofaus3mxxx'
  'wujiang la mode textile co ltd chasus33xxx'
  'wujiang la mode textile co ltd irvtus3nxxx'
  'sanko international bv chasus33xxx'
  'sanko international bv pnbpus3nnyc'
  'dnm textile spinning weaving and pnbpus3nnyc'
  'edotex hangzhou co ltd chasus33xxx'
  'wujiang la mode textile co ltd citius33xxx'
  'nan'
[INFO] origen_destino_dian.scripts.run_formulario | Cruce Llave aplicado: filled=0 | empty_before=0 | empty_after=0
[INFO] origen_destino_dian.scripts.run_formulario | Paso 5: Actualizando Llave Origen Destino en origenDestino.xlsx [IMP]...
[INFO] origen_destino_dian.scripts.run_formulario | PASO 5: 667 formularios con llave. Muestra: [('6173', 'textil-canatiba-ltda-irvtus3nxxx-fd039bbc'), ('6174', 'textil-canatiba-ltda-irvtus3nxxx-fd039bbc'), ('6175', 'textil-canatiba-ltda-irvtus3nxxx-fd039bbc'), ('8109', 'hangzhou-eazzy-import-and-export-co-pnbpus3nnyc-34d1c83b'), ('4130', 'pakipek-tekstil-sanayi-ve-ticaret-as-pnbpus3nnyc-3ca7a321')]
[INFO] origen_destino_dian.scripts.run_formulario | PASO 5 → nuevos=7 | actualizados=0 | sin_match=188
[INFO] origen_destino_dian.scripts.run_formulario | origenDestino.xlsx guardado (solo 'Llave Origen Destino' modificado, resto intacto).
[INFO] origen_destino_dian.scripts.run_formulario | === FIN CRUCE [IMP] ===  Formularios=467 | Llaves=465
[INFO] origen_destino_dian.main | ── PASO 3 completado [IMP] ──
